[2024-10-12 15:47:28,980: INFO: main: Lets start our log]
[2024-10-12 15:48:47,605: INFO: main: Lets start our log]
[2024-10-14 23:31:14,456: INFO: main: Lets start our log]
[2024-10-15 00:01:55,533: INFO: global_fun: yaml file: config\config.yaml loaded successfully]
[2024-10-15 00:01:55,574: INFO: global_fun: yaml file: params.yaml loaded successfully]
[2024-10-15 00:01:55,583: INFO: global_fun: created directory at: storage]
[2024-10-15 00:01:55,592: INFO: global_fun: created directory at: storage/data_ingestion]
[2024-10-15 00:01:55,600: INFO: 2273400383: Downloading data from https://drive.google.com/file/d/1vlhZ5c7abUKF8xXERIw6m9Te8fW7ohw3/view?usp=sharing into file storage/data_ingestion/data.zip]
[2024-10-15 00:02:08,788: INFO: 2273400383: Downloaded data from https://drive.google.com/file/d/1vlhZ5c7abUKF8xXERIw6m9Te8fW7ohw3/view?usp=sharing into file storage/data_ingestion/data.zip]
[2024-10-15 00:18:50,640: INFO: main: >>>>>> stage Data Ingestion Stage started <<<<<<]
[2024-10-15 00:18:50,669: INFO: global_fun: yaml file: config\config.yaml loaded successfully]
[2024-10-15 00:18:50,683: INFO: global_fun: yaml file: params.yaml loaded successfully]
[2024-10-15 00:18:50,692: INFO: global_fun: created directory at: storage]
[2024-10-15 00:18:50,713: INFO: global_fun: created directory at: storage/data_ingestion]
[2024-10-15 00:18:50,779: INFO: data_ingestion: Downloading data from https://drive.google.com/file/d/1vlhZ5c7abUKF8xXERIw6m9Te8fW7ohw3/view?usp=sharing into file storage/data_ingestion/data.zip]
[2024-10-15 00:19:04,661: INFO: data_ingestion: Downloaded data from https://drive.google.com/file/d/1vlhZ5c7abUKF8xXERIw6m9Te8fW7ohw3/view?usp=sharing into file storage/data_ingestion/data.zip]
[2024-10-15 00:19:09,861: INFO: main: >>>>>> stage Data Ingestion Stage completed <<<<<<

x==========x]
[2024-10-15 00:41:33,928: INFO: global_fun: yaml file: config\config.yaml loaded successfully]
[2024-10-15 00:41:33,954: INFO: global_fun: yaml file: params.yaml loaded successfully]
[2024-10-15 00:41:33,959: INFO: global_fun: created directory at: storage]
[2024-10-15 00:41:33,962: INFO: global_fun: created directory at: storage/prepare_base_model]
[2024-10-15 00:41:52,673: WARNING: saving_utils: Compiled the loaded model, but the compiled metrics have yet to be built. `model.compile_metrics` will be empty until you train or evaluate the model.]
[2024-10-15 00:57:56,786: INFO: main: >>>>>> stage Data Ingestion stage started <<<<<<]
[2024-10-15 00:57:56,790: INFO: global_fun: yaml file: config\config.yaml loaded successfully]
[2024-10-15 00:57:56,793: INFO: global_fun: yaml file: params.yaml loaded successfully]
[2024-10-15 00:57:56,795: INFO: global_fun: created directory at: storage]
[2024-10-15 00:57:56,796: INFO: global_fun: created directory at: storage/data_ingestion]
[2024-10-15 00:57:56,797: INFO: data_ingestion: Downloading data from https://drive.google.com/file/d/1vlhZ5c7abUKF8xXERIw6m9Te8fW7ohw3/view?usp=sharing into file storage/data_ingestion/data.zip]
[2024-10-15 00:58:07,047: INFO: data_ingestion: Downloaded data from https://drive.google.com/file/d/1vlhZ5c7abUKF8xXERIw6m9Te8fW7ohw3/view?usp=sharing into file storage/data_ingestion/data.zip]
[2024-10-15 00:58:08,708: INFO: main: >>>>>> stage Data Ingestion stage completed <<<<<<

x==========x]
[2024-10-15 00:58:08,710: INFO: main: *******************]
[2024-10-15 00:58:08,710: INFO: main: >>>>>> stage Prepare base model started <<<<<<]
[2024-10-15 00:58:08,715: INFO: global_fun: yaml file: config\config.yaml loaded successfully]
[2024-10-15 00:58:08,719: INFO: global_fun: yaml file: params.yaml loaded successfully]
[2024-10-15 00:58:08,720: INFO: global_fun: created directory at: storage]
[2024-10-15 00:58:08,721: INFO: global_fun: created directory at: storage/prepare_base_model]
[2024-10-15 00:58:09,883: WARNING: saving_utils: Compiled the loaded model, but the compiled metrics have yet to be built. `model.compile_metrics` will be empty until you train or evaluate the model.]
[2024-10-15 00:58:10,622: INFO: main: >>>>>> stage Prepare base model completed <<<<<<

x==========x]
[2024-10-15 01:10:27,540: INFO: global_fun: yaml file: config\config.yaml loaded successfully]
[2024-10-15 01:10:27,547: INFO: global_fun: yaml file: params.yaml loaded successfully]
[2024-10-15 01:10:27,552: INFO: global_fun: created directory at: storage]
[2024-10-15 01:10:27,554: INFO: global_fun: created directory at: storage\training]
[2024-10-15 01:23:54,468: INFO: main: >>>>>> stage Data Ingestion stage started <<<<<<]
[2024-10-15 01:23:54,475: INFO: global_fun: yaml file: config\config.yaml loaded successfully]
[2024-10-15 01:23:54,481: INFO: global_fun: yaml file: params.yaml loaded successfully]
[2024-10-15 01:23:54,482: INFO: global_fun: created directory at: storage]
[2024-10-15 01:23:54,484: INFO: global_fun: created directory at: storage/data_ingestion]
[2024-10-15 01:23:54,485: INFO: data_ingestion: Downloading data from https://drive.google.com/file/d/1vlhZ5c7abUKF8xXERIw6m9Te8fW7ohw3/view?usp=sharing into file storage/data_ingestion/data.zip]
[2024-10-15 01:24:05,980: INFO: data_ingestion: Downloaded data from https://drive.google.com/file/d/1vlhZ5c7abUKF8xXERIw6m9Te8fW7ohw3/view?usp=sharing into file storage/data_ingestion/data.zip]
[2024-10-15 01:24:08,654: INFO: main: >>>>>> stage Data Ingestion stage completed <<<<<<

x==========x]
[2024-10-15 01:24:08,656: INFO: main: *******************]
[2024-10-15 01:24:08,658: INFO: main: >>>>>> stage Prepare base model started <<<<<<]
[2024-10-15 01:24:08,684: INFO: global_fun: yaml file: config\config.yaml loaded successfully]
[2024-10-15 01:24:08,711: INFO: global_fun: yaml file: params.yaml loaded successfully]
[2024-10-15 01:24:08,776: INFO: global_fun: created directory at: storage]
[2024-10-15 01:24:08,786: INFO: global_fun: created directory at: storage/prepare_base_model]
[2024-10-15 01:24:10,354: WARNING: saving_utils: Compiled the loaded model, but the compiled metrics have yet to be built. `model.compile_metrics` will be empty until you train or evaluate the model.]
[2024-10-15 01:24:10,996: INFO: main: >>>>>> stage Prepare base model completed <<<<<<

x==========x]
[2024-10-15 01:24:10,997: INFO: main: *******************]
[2024-10-15 01:24:10,998: INFO: main: >>>>>> stage Training started <<<<<<]
[2024-10-15 01:24:11,005: INFO: global_fun: yaml file: config\config.yaml loaded successfully]
[2024-10-15 01:24:11,010: INFO: global_fun: yaml file: params.yaml loaded successfully]
[2024-10-15 01:24:11,012: INFO: global_fun: created directory at: storage]
[2024-10-15 01:24:11,013: INFO: global_fun: created directory at: storage\training]
[2024-10-15 01:26:45,956: INFO: main: >>>>>> stage Training completed <<<<<<

x==========x]
